Building lulesh.cc
pgc++ -DUSE_MPI=0 -c --restrict -Mautoinline -Minline=levels:20 -mp=gpu -gpu=cc80,fastmath,unroll -O3 -Minfo=accel -Msafeptr -mcmodel=medium -Wl,--no-relax -DSEDOV_SYNC_POS_VEL_LATE -o lulesh.o lulesh.cc
"lulesh.cc", line 1151: warning: subscript out of range [subscript_out_of_range]
  #pragma omp target map(to:gamma[4][8]) map(alloc:fx_elem[0:numElem8],\
                                    ^

Remark: individual warnings can be suppressed with "--diag_suppress <warning-name>"

"lulesh.cc", line 1151: warning: subscript out of range [subscript_out_of_range]
  #pragma omp target map(to:gamma[4][8]) map(alloc:fx_elem[0:numElem8],\
                                    ^

"lulesh.cc", line 1380: warning: variable "abort" was set but never used [set_but_not_used]
    for (Index_t i=0 ; i<numElem ; ++i){
    ^

"lulesh.cc", line 1468: warning: variable "abort" was set but never used [set_but_not_used]
      for(Index_t k = 0; k < numElem; ++k) {
      ^

"lulesh.cc", line 1574: warning: variable "numNodeBC" was set but never used [set_but_not_used]
    {
    ^

"lulesh.cc", line 2261: warning: variable "abort" was set but never used [set_but_not_used]
      for ( Index_t k=0 ; k<numElem ; ++k )
      ^

"lulesh.cc", line 2954: warning: variable "ss4o3" was set but never used [set_but_not_used]
     for (Index_t i = 0; i < len ; ++i) {
     ^

"lulesh.cc", line 3397: warning: variable "fieldData" was declared but never referenced [declared_but_not_referenced]
    Real_t *fieldData[6] ;
            ^

"lulesh.cc", line 1151: warning: subscript out of range [subscript_out_of_range]
  #pragma omp target map(to:gamma[4][8]) map(alloc:fx_elem[0:numElem8],\
                                    ^

Remark: individual warnings can be suppressed with "--diag_suppress <warning-name>"

"lulesh.cc", line 1151: warning: subscript out of range [subscript_out_of_range]
  #pragma omp target map(to:gamma[4][8]) map(alloc:fx_elem[0:numElem8],\
                                    ^

"lulesh.cc", line 1380: warning: variable "abort" was set but never used [set_but_not_used]
    for (Index_t i=0 ; i<numElem ; ++i){
    ^

"lulesh.cc", line 1468: warning: variable "abort" was set but never used [set_but_not_used]
      for(Index_t k = 0; k < numElem; ++k) {
      ^

"lulesh.cc", line 1574: warning: variable "numNodeBC" was set but never used [set_but_not_used]
    {
    ^

"lulesh.cc", line 2261: warning: variable "abort" was set but never used [set_but_not_used]
      for ( Index_t k=0 ; k<numElem ; ++k )
      ^

"lulesh.cc", line 2954: warning: variable "ss4o3" was set but never used [set_but_not_used]
     for (Index_t i = 0; i < len ; ++i) {
     ^

"lulesh.cc", line 3397: warning: variable "fieldData" was declared but never referenced [declared_but_not_referenced]
    Real_t *fieldData[6] ;
            ^

CalcKinematicsForElems(int*, double*, double*, double*, double*, double*, double*, double*, double*, double*, double*, double*, double*, double*, double*, double, int, int):
   2072, Generating map(alloc:delv[:numElem],dxx[:numElem],dyy[:numElem],volo[:numElem],xd[:numNode],yd[:numNode],x[:numNode],y[:numNode],zd[:numNode],z[:numNode],nodelist[:],vnew[:numElem],v[:numElem],arealg[:numElem],dzz[:numElem]) 
_INTERNAL_9_lulesh_cc_c9d4bd87::InitStressTermsForElems(double*, double*, double*, double*, double*, int):
    297, Generating map(alloc:p[:numElem],q[:numElem],sigxx[:numElem],sigzz[:numElem],sigyy[:numElem]) 
_INTERNAL_9_lulesh_cc_c9d4bd87::IntegrateStressForElems(int*, double*, double*, double*, double*, double*, double*, double*, double*, double*, int*, int*, int*, double*, double*, double*, double*, int, int):
    500, Generating map(alloc:sigzz[:numElem],x[:numNode],y[:numNode],z[:numNode],fz_elem[:],nodelist[:],sigxx[:numElem],sigyy[:numElem],determ[:numElem],fx_elem[:],fy_elem[:]) 
_INTERNAL_9_lulesh_cc_c9d4bd87::CalcFBHourglassForceForElems(Domain&, int*, int*, int*, int*, double*, double*, double*, double*, double*, double*, double*, double*, double*, double*, double, int, int):
   1146, Generating map(alloc:nodelist[:numElem8]) 
         Generating map(to:gamma[4][8]) 
         Generating map(alloc:fz_elem[:numElem8],elemMass[:numElem],fx_elem[:numElem8],fy_elem[:numElem8],x8n[:numElem8],y8n[:numElem8],zd[:numNode],z8n[:numElem8],determ[:numElem],dvdx[:numElem8],dvdy[:numElem8],ss[:numElem],xd[:numNode],yd[:numNode]) 
         Generating map(tofrom:hourg,numElem) 
         Generating map(alloc:dvdz[:numElem8]) 
_INTERNAL_9_lulesh_cc_c9d4bd87::CalcHourglassControlForElems(Domain&, double*, double*, double*, double*, double*, double*, double*, double, int*, int*, int*, int*):
   1380, Generating map(alloc:determ[:numElem],dvdx[:],dvdy[:],volo[:numElem],x[:],y[:],x8n[:],y8n[:],z[:],z8n[:],v[:numElem],nodelist[:],dvdz[:]) 
_INTERNAL_9_lulesh_cc_c9d4bd87::CalcVolumeForceForElems(Domain&, double*, double*, double*):
   1468, Generating map(alloc:determ[:numElem]) 
_INTERNAL_9_lulesh_cc_c9d4bd87::CalcForceForNodes(Domain&):
   1503, Generating map(alloc:fx[:numNode],fy[:numNode],fz[:numNode]) 
_INTERNAL_9_lulesh_cc_c9d4bd87::CalcAccelerationForNodes(double*, double*, double*, double*, double*, double*, double*, int):
   1540, Generating map(alloc:fx[:numNode],fy[:numNode],nodalMass[:numNode],xdd[:numNode],ydd[:numNode],zdd[:numNode],fz[:numNode]) 
_INTERNAL_9_lulesh_cc_c9d4bd87::ApplyAccelerationBoundaryConditionsForNodes(Domain&, double*, double*, double*):
   1574, Generating map(alloc:symmZ[:numNodeBC],xdd[:],zdd[:],ydd[:],symmX[:numNodeBC],symmY[:numNodeBC]) 
_INTERNAL_9_lulesh_cc_c9d4bd87::CalcVelocityForNodes(double*, double*, double*, double*, double*, double*, double, double, int):
   1604, Generating map(alloc:xdd[:numNode],ydd[:numNode],xd[:numNode],yd[:numNode],zdd[:numNode],zd[:numNode]) 
_INTERNAL_9_lulesh_cc_c9d4bd87::CalcPositionForNodes(double*, double*, double*, double*, double*, double*, double, int):
   1632, Generating map(alloc:xd[:numNode],yd[:numNode],x[:numNode],y[:numNode],zd[:numNode],z[:numNode]) 
_INTERNAL_9_lulesh_cc_c9d4bd87::LagrangeNodal(Domain&):
   1691, Generating map(alloc:xd[:numNode],yd[:numNode],x[:numNode],y[:numNode],zd[:numNode],z[:numNode]) 
_INTERNAL_9_lulesh_cc_c9d4bd87::CalcLagrangeElements(Domain&, double*):
   2261, Generating map(alloc:dzz[:numElem],dxx[:numElem],dyy[:numElem],vnew[:numElem],vdov[:numElem]) 
_INTERNAL_9_lulesh_cc_c9d4bd87::CalcMonotonicQGradientsForElems(Domain&, double*, int):
   2313, Generating map(alloc:nodelist[:],delx_zeta[:allElem],volo[:numElem],xd[:],yd[:],x[:],y[:],zd[:],z[:],vnew[:numElem],delx_eta[:allElem],delv_zeta[:allElem],delx_xi[:allElem],delv_eta[:allElem],delv_xi[:allElem]) 
_INTERNAL_9_lulesh_cc_c9d4bd87::CalcMonotonicQRegionForElems(Domain&, int, double*, double, int):
   2512, Generating map(alloc:qq[:],vdov[:]) 
         Generating map(to:regElemlist[:regElemSize]) 
         Generating map(alloc:delx_eta[:allElem],delv_zeta[:allElem],delx_xi[:allElem],delv_eta[:allElem],delv_xi[:allElem],elemBC[:],volo[:],vnew[:],lxim[:],letap[:],elemMass[:],letam[:],lxip[:],lzetam[:],lzetap[:],ql[:],delx_zeta[:allElem]) 
_INTERNAL_9_lulesh_cc_c9d4bd87::CalcPressureForElems(Domain&, double*, double*, double*, double*, double*, double*, double, double, double, int, int*):
   2767, Generating map(alloc:pbvc[:length],bvc[:length],p_new[:length],e_old[:length],compression[:length],vnewc[:],regElemList[:length]) 
_INTERNAL_9_lulesh_cc_c9d4bd87::CalcEnergyForElems(Domain&, double*, double*, double*, double*, double*, double*, double*, double*, double*, double*, double*, double*, double*, double, double, double, double, double, double*, double*, double, double, int, int*):
   2811, Generating map(alloc:delvc[:length],e_new[:length],e_old[:length],p_old[:length],work[:length],q_old[:length]) 
_INTERNAL_9_lulesh_cc_c9d4bd87::CalcSoundSpeedForElems(double*, double*, double, double*, double*, double*, double*, double, int, int, int*):
   2954, Generating map(alloc:vnewc[:numElem],ss[:numElem],pnewc[:len],enewc[:len],bvc[:len],pbvc[:len],regElemList[:len]) 
_INTERNAL_9_lulesh_cc_c9d4bd87::EvalEOSForElems(Domain&, double*, int, int*, int):
   3017, Generating map(alloc:e[:numElem],delv[:numElem],p[:numElem],q[:numElem],compHalfStep[:numElemReg],regElemList[:numElemReg],qq_old[:numElemReg],qq[:numElem],ql[:numElem],e_old[:numElemReg],delvc[:numElemReg],p_old[:numElemReg],compression[:numElemReg],ql_old[:numElemReg],q_old[:numElemReg]) 
_INTERNAL_9_lulesh_cc_c9d4bd87::UpdateVolumesForElems(double*, double*, double, int):
   3178, Generating map(alloc:vnew[:length],v[:length]) 
_INTERNAL_9_lulesh_cc_c9d4bd87::LagrangeLeapFrog(Domain&):
   3416, Generating map(alloc:xd[:],yd[:],x[:],y[:],z[:],zd[:]) 
   3443, Generating map(alloc:arealg[:numElem],vdov[:numElem],ss[:numElem]) 
   3446, Generating update from(vdov[:numElem],ss[:numElem],arealg[:numElem])
Building lulesh-comm.cc
pgc++ -DUSE_MPI=0 -c --restrict -Mautoinline -Minline=levels:20 -mp=gpu -gpu=cc80,fastmath,unroll -O3 -Minfo=accel -Msafeptr -mcmodel=medium -Wl,--no-relax -DSEDOV_SYNC_POS_VEL_LATE -o lulesh-comm.o lulesh-comm.cc
Building lulesh-util.cc
pgc++ -DUSE_MPI=0 -c --restrict -Mautoinline -Minline=levels:20 -mp=gpu -gpu=cc80,fastmath,unroll -O3 -Minfo=accel -Msafeptr -mcmodel=medium -Wl,--no-relax -DSEDOV_SYNC_POS_VEL_LATE -o lulesh-util.o lulesh-util.cc
Building lulesh-init.cc
pgc++ -DUSE_MPI=0 -c --restrict -Mautoinline -Minline=levels:20 -mp=gpu -gpu=cc80,fastmath,unroll -O3 -Minfo=accel -Msafeptr -mcmodel=medium -Wl,--no-relax -DSEDOV_SYNC_POS_VEL_LATE -o lulesh-init.o lulesh-init.cc
Linking
pgc++ -DUSE_MPI=0 lulesh.o lulesh-comm.o lulesh-util.o lulesh-init.o -mp=gpu -gpu=cc80,fastmath,unroll  -lm -o lulesh2.0
